[2026-05-02 08:07:48] [Pipeline] BOARHIRO background training started.
[2026-05-02 08:07:48] [Pipeline] PID: 21832  |  Device: cpu
[2026-05-02 08:07:48] [Pipeline] Logs  -> C:\Users\aiden_hkxjvjx\Documents\Code\boarhiro\boarhiro\boarhiro_train.log
[2026-05-02 08:07:48] [Pipeline] Model -> C:\Users\aiden_hkxjvjx\Documents\Code\boarhiro\boarhiro\boarhiro_brain.pt
[2026-05-02 08:07:48] [Pipeline] Waiting for 129+ chars in data/input.txt...
[2026-05-02 08:07:48] [Hunter] Active — collecting data...
[2026-05-02 08:07:48] [Pipeline] Data ready (239 bytes). Building model...
[2026-05-02 08:07:48] [Hunter] Collected: Pattern: linear_regression_gradient | Timestamp: 1777723668.5967374
[2026-05-02 08:07:58] [Trainer] Fresh start (checkpoint load failed: Error(s) in loading state_dict for BoarhiroModel:
	size mismatch for token_embed.weight: copying a param with shape torch.Size([42, 128]) from checkpoint, the shape in current model is torch.Size([43, 128]).
	size mismatch for head.weight: copying a param with shape torch.Size([42, 128]) from checkpoint, the shape in current model is torch.Size([43, 128]).
	size mismatch for head.bias: copying a param with shape torch.Size([42]) from checkpoint, the shape in current model is torch.Size([43]).).
[2026-05-02 08:07:58] [Trainer] Vocab=43  Tokens=235  Running forever...
[2026-05-02 08:07:58] --------------------------------------------------
[2026-05-02 08:08:01] [Trainer] Epoch      10  |  Loss: 2.3745
[2026-05-02 08:08:04] [Trainer] Epoch      20  |  Loss: 1.6954
[2026-05-02 08:08:07] [Trainer] Epoch      30  |  Loss: 1.4896
[2026-05-02 08:08:10] [Trainer] Epoch      40  |  Loss: 1.3348
[2026-05-02 08:08:13] [Trainer] Epoch      50  |  Loss: 1.1897
[2026-05-02 08:08:16] [Trainer] Epoch      60  |  Loss: 1.0874
[2026-05-02 08:08:19] [Trainer] Epoch      70  |  Loss: 0.9762
[2026-05-02 08:08:22] [Trainer] Epoch      80  |  Loss: 0.9305
[2026-05-02 08:08:25] [Trainer] Epoch      90  |  Loss: 0.8025
[2026-05-02 08:08:27] [Trainer] Epoch     100  |  Loss: 0.7533
[2026-05-02 08:08:27] [Trainer] Checkpoint saved at epoch 100.
[2026-05-02 08:08:30] [Trainer] Epoch     110  |  Loss: 0.6806
[2026-05-02 08:08:32] [Trainer] Epoch     120  |  Loss: 0.6688
[2026-05-02 08:08:35] [Trainer] Epoch     130  |  Loss: 0.5647
[2026-05-02 08:08:38] [Trainer] Epoch     140  |  Loss: 0.5493
[2026-05-02 08:08:40] [Trainer] Epoch     150  |  Loss: 0.4926
[2026-05-02 08:08:42] [Trainer] Epoch     160  |  Loss: 0.4217
[2026-05-02 08:08:45] [Trainer] Epoch     170  |  Loss: 0.4051
[2026-05-02 08:08:48] [Trainer] Epoch     180  |  Loss: 0.3361
[2026-05-02 08:08:48] [Hunter] Collected: Pattern: linear_regression_gradient | Timestamp: 1777723728.600768
 Loss: 0.6806
[2026-05-02 08:08:32] [Trainer] Epoch     120  |  Loss: 0.6688
[2026-05-02 08:08:35] [Trainer] Epoch     130  |  Loss: 0.5647
[2026-05-02 08:08:38] [Trainer] Epoch     140  |  Loss: 0.5493
[2026-05-02 08:08:40] [Trainer] Epoch     150  |  Loss: 0.4926
[2026-05-02 08:08:42] [Trainer] Epoch     160  |  Loss: 0.4217
[2026-05-02 08:08:45] [Trainer] Epoch     170  |  Loss: 0.4051
[2026-05-02 08:08:48] [Trainer] Epoch     180  |  Loss: 0.3361
