[2026-05-08 07:01:26] [Pipeline] BOARHIRO background training started.
[2026-05-08 07:01:26] [Pipeline] PID: 2908  |  Device: cpu
[2026-05-08 07:01:26] [Pipeline] Logs  -> C:\Users\aiden_hkxjvjx\Documents\Code\boarhiro\boarhiro\boarhiro_train.log
[2026-05-08 07:01:26] [Pipeline] Model -> C:\Users\aiden_hkxjvjx\Documents\Code\boarhiro\boarhiro\boarhiro_brain.pt
[2026-05-08 07:01:26] [Pipeline] Waiting for 129+ chars in data/input.txt...
[2026-05-08 07:01:26] [Hunter] Active — collecting data...
[2026-05-08 07:01:26] [Pipeline] Data ready (513 bytes). Building model...
[2026-05-08 07:01:26] [Hunter] Collected: Method: gradient_descent_optimizer | Timestamp: 1778238086.91708
[2026-05-08 07:01:34] [Trainer] Fresh start (checkpoint load failed: Error(s) in loading state_dict for BoarhiroModel:
	size mismatch for token_embed.weight: copying a param with shape torch.Size([43, 128]) from checkpoint, the shape in current model is torch.Size([44, 128]).
	size mismatch for head.weight: copying a param with shape torch.Size([43, 128]) from checkpoint, the shape in current model is torch.Size([44, 128]).
	size mismatch for head.bias: copying a param with shape torch.Size([43]) from checkpoint, the shape in current model is torch.Size([44]).).
[2026-05-08 07:01:34] [Trainer] Vocab=44  Tokens=570  Running forever...
[2026-05-08 07:01:34] --------------------------------------------------
[2026-05-08 07:01:37] [Trainer] Epoch      10  |  Loss: 2.5147
[2026-05-08 07:01:40] [Trainer] Epoch      20  |  Loss: 1.8429
[2026-05-08 07:01:43] [Trainer] Epoch      30  |  Loss: 1.5951
[2026-05-08 07:01:46] [Trainer] Epoch      40  |  Loss: 1.4513
[2026-05-08 07:01:49] [Trainer] Epoch      50  |  Loss: 1.3106
[2026-05-08 07:01:52] [Trainer] Epoch      60  |  Loss: 1.2192
[2026-05-08 07:01:55] [Trainer] Epoch      70  |  Loss: 1.0428
[2026-05-08 07:01:58] [Trainer] Epoch      80  |  Loss: 0.9746
[2026-05-08 07:02:01] [Trainer] Epoch      90  |  Loss: 0.8093
[2026-05-08 07:02:04] [Trainer] Epoch     100  |  Loss: 0.7095
[2026-05-08 07:02:04] [Trainer] Checkpoint saved at epoch 100.
[2026-05-08 07:02:06] [Trainer] Epoch     110  |  Loss: 0.6933
[2026-05-08 07:02:09] [Trainer] Epoch     120  |  Loss: 0.6742
[2026-05-08 07:02:12] [Trainer] Epoch     130  |  Loss: 0.5632
[2026-05-08 07:02:15] [Trainer] Epoch     140  |  Loss: 0.4575
[2026-05-08 07:02:18] [Trainer] Epoch     150  |  Loss: 0.4325
[2026-05-08 07:02:21] [Trainer] Epoch     160  |  Loss: 0.3786
[2026-05-08 07:02:24] [Trainer] Epoch     170  |  Loss: 0.3310
[2026-05-08 07:02:26] [Hunter] Collected: Function: optimized_search_v2 | Timestamp: 1778238146.9176574
[2026-05-08 07:02:27] [Trainer] Epoch     180  |  Loss: 0.2900
[2026-05-08 07:02:30] [Trainer] Epoch     190  |  Loss: 0.2929
[2026-05-08 07:02:35] [Trainer] Epoch     200  |  Loss: 0.3055
[2026-05-08 07:02:35] [Trainer] Checkpoint saved at epoch 200.
[2026-05-08 07:02:39] [Trainer] Epoch     210  |  Loss: 0.2594
[2026-05-08 07:02:43] [Trainer] Epoch     220  |  Loss: 0.2179
[2026-05-08 07:02:48] [Trainer] Epoch     230  |  Loss: 0.2234
[2026-05-08 07:02:52] [Trainer] Epoch     240  |  Loss: 0.1789
[2026-05-08 07:02:56] [Trainer] Epoch     250  |  Loss: 0.1654
[2026-05-08 07:03:01] [Trainer] Epoch     260  |  Loss: 0.1493
[2026-05-08 07:03:04] [Trainer] Epoch     270  |  Loss: 0.1263
[2026-05-08 07:03:08] [Trainer] Epoch     280  |  Loss: 0.1294
[2026-05-08 07:03:12] [Trainer] Epoch     290  |  Loss: 0.1053
[2026-05-08 07:03:16] [Trainer] Epoch     300  |  Loss: 0.1111
[2026-05-08 07:03:16] [Trainer] Checkpoint saved at epoch 300.
[2026-05-08 07:03:20] [Trainer] Epoch     310  |  Loss: 0.0968
[2026-05-08 07:03:25] [Trainer] Epoch     320  |  Loss: 0.0943
[2026-05-08 07:03:26] [Hunter] Collected: Method: gradient_descent_optimizer | Timestamp: 1778238206.928813
[2026-05-08 07:03:29] [Trainer] Epoch     330  |  Loss: 0.0834
[2026-05-08 07:03:33] [Trainer] Epoch     340  |  Loss: 0.0795
[2026-05-08 07:03:38] [Trainer] Epoch     350  |  Loss: 0.0657
[2026-05-08 07:03:41] [Trainer] Epoch     360  |  Loss: 0.0603
[2026-05-08 07:03:46] [Trainer] Epoch     370  |  Loss: 0.0627
[2026-05-08 07:03:50] [Trainer] Epoch     380  |  Loss: 0.0604
[2026-05-08 07:03:54] [Trainer] Epoch     390  |  Loss: 0.0477
[2026-05-08 07:03:58] [Trainer] Epoch     400  |  Loss: 0.1412
[2026-05-08 07:03:58] [Trainer] Checkpoint saved at epoch 400.
[2026-05-08 07:04:02] [Trainer] Epoch     410  |  Loss: 0.0686
[2026-05-08 07:04:06] [Trainer] Epoch     420  |  Loss: 0.0635
[2026-05-08 07:04:10] [Trainer] Epoch     430  |  Loss: 0.0449
[2026-05-08 07:04:13] [Trainer] Epoch     440  |  Loss: 0.0413
[2026-05-08 07:04:17] [Trainer] Epoch     450  |  Loss: 0.0480
[2026-05-08 07:04:22] [Trainer] Epoch     460  |  Loss: 0.0386
[2026-05-08 07:04:26] [Trainer] Epoch     470  |  Loss: 0.0353
[2026-05-08 07:04:26] [Hunter] Collected: Pattern: linear_regression_gradient | Timestamp: 1778238266.9449306
[2026-05-08 07:04:30] [Trainer] Epoch     480  |  Loss: 0.0331
[2026-05-08 07:04:34] [Trainer] Epoch     490  |  Loss: 0.0387
[2026-05-08 07:04:38] [Trainer] Epoch     500  |  Loss: 0.0782
[2026-05-08 07:04:38] [Trainer] Checkpoint saved at epoch 500.
[2026-05-08 07:04:42] [Trainer] Epoch     510  |  Loss: 0.0364
[2026-05-08 07:04:46] [Trainer] Epoch     520  |  Loss: 0.0416
[2026-05-08 07:04:50] [Trainer] Epoch     530  |  Loss: 0.0407
[2026-05-08 07:04:54] [Trainer] Epoch     540  |  Loss: 0.0409
[2026-05-08 07:04:57] [Trainer] Epoch     550  |  Loss: 0.0277
[2026-05-08 07:05:01] [Trainer] Epoch     560  |  Loss: 0.0322
[2026-05-08 07:05:05] [Trainer] Epoch     570  |  Loss: 0.0272
[2026-05-08 07:05:10] [Trainer] Epoch     580  |  Loss: 0.0287
[2026-05-08 07:05:14] [Trainer] Epoch     590  |  Loss: 0.0335
[2026-05-08 07:05:18] [Trainer] Epoch     600  |  Loss: 0.0300
[2026-05-08 07:05:18] [Trainer] Checkpoint saved at epoch 600.
[2026-05-08 07:05:22] [Trainer] Epoch     610  |  Loss: 0.0278
[2026-05-08 07:05:26] [Trainer] Epoch     620  |  Loss: 0.0271
[2026-05-08 07:05:26] [Hunter] Collected: Function: optimized_search_v2 | Timestamp: 1778238326.956848
[2026-05-08 07:05:30] [Trainer] Epoch     630  |  Loss: 0.0229
[2026-05-08 07:05:33] [Trainer] Epoch     640  |  Loss: 0.0215
[2026-05-08 07:05:37] [Trainer] Epoch     650  |  Loss: 0.0183
[2026-05-08 07:05:41] [Trainer] Epoch     660  |  Loss: 0.0238
[2026-05-08 07:05:45] [Trainer] Epoch     670  |  Loss: 0.0167
[2026-05-08 07:05:49] [Trainer] Epoch     680  |  Loss: 0.0177
[2026-05-08 07:05:53] [Trainer] Epoch     690  |  Loss: 0.0158
[2026-05-08 07:05:57] [Trainer] Epoch     700  |  Loss: 0.0293
[2026-05-08 07:05:57] [Trainer] Checkpoint saved at epoch 700.
[2026-05-08 07:06:01] [Trainer] Epoch     710  |  Loss: 0.0398
[2026-05-08 07:06:04] [Trainer] Epoch     720  |  Loss: 0.0317
[2026-05-08 07:06:08] [Trainer] Epoch     730  |  Loss: 0.0208
[2026-05-08 07:06:12] [Trainer] Epoch     740  |  Loss: 0.0243
[2026-05-08 07:06:15] [Trainer] Epoch     750  |  Loss: 0.0146
[2026-05-08 07:06:19] [Trainer] Epoch     760  |  Loss: 0.0141
[2026-05-08 07:06:23] [Trainer] Epoch     770  |  Loss: 0.0143
[2026-05-08 07:06:26] [Hunter] Collected: Method: gradient_descent_optimizer | Timestamp: 1778238386.9636722
[2026-05-08 07:06:27] [Trainer] Epoch     780  |  Loss: 0.0180
[2026-05-08 07:06:30] [Trainer] Epoch     790  |  Loss: 0.0222
[2026-05-08 07:06:34] [Trainer] Epoch     800  |  Loss: 0.0246
[2026-05-08 07:06:34] [Trainer] Checkpoint saved at epoch 800.
[2026-05-08 07:06:39] [Trainer] Epoch     810  |  Loss: 0.0264
[2026-05-08 07:06:43] [Trainer] Epoch     820  |  Loss: 0.0142
[2026-05-08 07:06:47] [Trainer] Epoch     830  |  Loss: 0.0186
[2026-05-08 07:06:51] [Trainer] Epoch     840  |  Loss: 0.0163
[2026-05-08 07:06:55] [Trainer] Epoch     850  |  Loss: 0.0155
[2026-05-08 07:06:59] [Trainer] Epoch     860  |  Loss: 0.0145
[2026-05-08 07:07:03] [Trainer] Epoch     870  |  Loss: 0.0139
[2026-05-08 07:07:07] [Trainer] Epoch     880  |  Loss: 0.0128
[2026-05-08 07:07:11] [Trainer] Epoch     890  |  Loss: 0.0153
[2026-05-08 07:07:15] [Trainer] Epoch     900  |  Loss: 0.0143
[2026-05-08 07:07:15] [Trainer] Checkpoint saved at epoch 900.
[2026-05-08 07:07:19] [Trainer] Epoch     910  |  Loss: 0.0158
[2026-05-08 07:07:22] [Trainer] Epoch     920  |  Loss: 0.0122
[2026-05-08 07:07:26] [Trainer] Epoch     930  |  Loss: 0.0132
[2026-05-08 07:07:26] [Hunter] Collected: Method: gradient_descent_optimizer | Timestamp: 1778238446.9662538
[2026-05-08 07:07:30] [Trainer] Epoch     940  |  Loss: 0.0174
[2026-05-08 07:07:34] [Trainer] Epoch     950  |  Loss: 0.0106
[2026-05-08 07:07:38] [Trainer] Epoch     960  |  Loss: 0.0109
[2026-05-08 07:07:42] [Trainer] Epoch     970  |  Loss: 0.0096
[2026-05-08 07:07:46] [Trainer] Epoch     980  |  Loss: 0.0084
