Traceback (most recent call last):
  File "C:\Users\aiden_hkxjvjx\Documents\Code\boarhiro\boarhiro\src\local_watcher.py", line 30, in <module>
    start_watcher()
    ~~~~~~~~~~~~~^^
  File "C:\Users\aiden_hkxjvjx\Documents\Code\boarhiro\boarhiro\src\local_watcher.py", line 18, in start_watcher
    print("\u2696\ufe0f Local Watcher is online. Waiting for data...")
    ~~~~~^^^^^^^^^^^^^^^^^^^^^^^^^^^^^^^^^^^^^^^^^^^^^^^^^^^
  File "C:\Python314\Lib\encodings\cp1252.py", line 19, in encode
    return codecs.charmap_encode(input,self.errors,encoding_table)[0]
           ~~~~~~~~~~~~~~~~~~~~~^^^^^^^^^^^^^^^^^^^^^^^^^^^^^^^^^^
UnicodeEncodeError: 'charmap' codec can't encode characters in position 0-1: character maps to <undefined>
Traceback (most recent call last):
  File "C:\Users\aiden_hkxjvjx\Documents\Code\boarhiro\boarhiro\src\local_watcher.py", line 30, in <module>
    start_watcher()
    ~~~~~~~~~~~~~^^
  File "C:\Users\aiden_hkxjvjx\Documents\Code\boarhiro\boarhiro\src\local_watcher.py", line 18, in start_watcher
    print("\u2696\ufe0f Local Watcher is online. Waiting for data...")
    ~~~~~^^^^^^^^^^^^^^^^^^^^^^^^^^^^^^^^^^^^^^^^^^^^^^^^^^^
  File "C:\Python314\Lib\encodings\cp1252.py", line 19, in encode
    return codecs.charmap_encode(input,self.errors,encoding_table)[0]
           ~~~~~~~~~~~~~~~~~~~~~^^^^^^^^^^^^^^^^^^^^^^^^^^^^^^^^^^
UnicodeEncodeError: 'charmap' codec can't encode characters in position 0-1: character maps to <undefined>
Traceback (most recent call last):
  File "C:\Users\aiden_hkxjvjx\Documents\Code\boarhiro\boarhiro\src\local_watcher.py", line 30, in <module>
    start_watcher()
    ~~~~~~~~~~~~~^^
  File "C:\Users\aiden_hkxjvjx\Documents\Code\boarhiro\boarhiro\src\local_watcher.py", line 18, in start_watcher
    print("\u2696\ufe0f Local Watcher is online. Waiting for data...")
    ~~~~~^^^^^^^^^^^^^^^^^^^^^^^^^^^^^^^^^^^^^^^^^^^^^^^^^^^
  File "C:\Python314\Lib\encodings\cp1252.py", line 19, in encode
    return codecs.charmap_encode(input,self.errors,encoding_table)[0]
           ~~~~~~~~~~~~~~~~~~~~~^^^^^^^^^^^^^^^^^^^^^^^^^^^^^^^^^^
UnicodeEncodeError: 'charmap' codec can't encode characters in position 0-1: character maps to <undefined>
Traceback (most recent call last):
  File "C:\Users\aiden_hkxjvjx\Documents\Code\boarhiro\boarhiro\src\local_watcher.py", line 30, in <module>
    start_watcher()
    ~~~~~~~~~~~~~^^
  File "C:\Users\aiden_hkxjvjx\Documents\Code\boarhiro\boarhiro\src\local_watcher.py", line 18, in start_watcher
    print("\u2696\ufe0f Local Watcher is online. Waiting for data...")
    ~~~~~^^^^^^^^^^^^^^^^^^^^^^^^^^^^^^^^^^^^^^^^^^^^^^^^^^^
  File "C:\Python314\Lib\encodings\cp1252.py", line 19, in encode
    return codecs.charmap_encode(input,self.errors,encoding_table)[0]
           ~~~~~~~~~~~~~~~~~~~~~^^^^^^^^^^^^^^^^^^^^^^^^^^^^^^^^^^
UnicodeEncodeError: 'charmap' codec can't encode characters in position 0-1: character maps to <undefined>
Watcher: online, watching for changes...
